<?xml version="1.0" encoding="UTF-8"?>
<!-- Generated by org.testng.reporters.JUnitXMLReporter -->
<testsuite ignored="1" hostname="LAPTOP-B1OMR5EQ" failures="0" tests="1" name="PositiveTests" time="14.476" errors="0" timestamp="31 Dec 2019 11:23:59 GMT">
  <testcase classname="com.herokuapp.theinternet.LoginTests" name="positiveloginTest" time="7.219"/>
  <testcase classname="com.herokuapp.theinternet.LoginTests" name="negativeLoginTest" time="0.0">
    <ignored/>
  </testcase> <!-- negativeLoginTest -->
</testsuite> <!-- PositiveTests -->
