<?xml version="1.0" encoding="UTF-8"?>
<!-- Generated by org.testng.reporters.JUnitXMLReporter -->
<testsuite ignored="0" hostname="LAPTOP-B1OMR5EQ" failures="0" tests="2" name="NegativeTests" time="31.548" errors="0" timestamp="29 Dec 2019 12:47:23 GMT">
  <testcase classname="com.herokuapp.theinternet.NegativeTests" name="incorrectPasswordTest" time="12.485"/>
  <testcase classname="com.herokuapp.theinternet.NegativeTests" name="incorrectUsernameTest" time="19.059"/>
</testsuite> <!-- NegativeTests -->
