<?xml version="1.0" encoding="UTF-8"?>
<testng-results ignored="0" total="4" passed="4" failed="0" skipped="0">
  <reporter-output>
  </reporter-output>
  <suite started-at="2020-01-24T20:34:19Z" name="DropdownTestSuite" finished-at="2020-01-24T20:35:17Z" duration-ms="57937">
    <groups>
    </groups>
    <test started-at="2020-01-24T20:34:19Z" name="DropdownTests-CH" finished-at="2020-01-24T20:34:34Z" duration-ms="14443">
      <class name="com.herokuapp.theinternet.dropdowntests.DropdownTest">
        <test-method is-config="true" signature="setUp(java.lang.reflect.Method, java.lang.String, java.lang.String, java.lang.String, org.testng.ITestContext)[pri:0, instance:com.herokuapp.theinternet.dropdowntests.DropdownTest@4567f35d]" started-at="2020-01-24T20:34:21Z" name="setUp" finished-at="2020-01-24T20:34:28Z" duration-ms="7672" status="PASS">
          <params>
            <param index="0">
              <value>
                <![CDATA[public void com.herokuapp.theinternet.dropdowntests.DropdownTest.optionTwoTest()]]>
              </value>
            </param>
            <param index="1">
              <value>
                <![CDATA[chromeheadless]]>
              </value>
            </param>
            <param index="2">
              <value is-null="true"/>
            </param>
            <param index="3">
              <value is-null="true"/>
            </param>
            <param index="4">
              <value>
                <![CDATA[org.testng.TestRunner@2a02e34b]]>
              </value>
            </param>
          </params>
          <reporter-output>
          </reporter-output>
        </test-method> <!-- setUp -->
        <test-method signature="optionTwoTest()[pri:0, instance:com.herokuapp.theinternet.dropdowntests.DropdownTest@4567f35d]" started-at="2020-01-24T20:34:28Z" name="optionTwoTest" finished-at="2020-01-24T20:34:33Z" duration-ms="4762" status="PASS">
          <reporter-output>
          </reporter-output>
        </test-method> <!-- optionTwoTest -->
        <test-method is-config="true" signature="tearDown()[pri:0, instance:com.herokuapp.theinternet.dropdowntests.DropdownTest@4567f35d]" started-at="2020-01-24T20:34:33Z" name="tearDown" finished-at="2020-01-24T20:34:34Z" duration-ms="554" status="PASS">
          <reporter-output>
          </reporter-output>
        </test-method> <!-- tearDown -->
      </class> <!-- com.herokuapp.theinternet.dropdowntests.DropdownTest -->
    </test> <!-- DropdownTests-CH -->
    <test started-at="2020-01-24T20:34:34Z" name="DropdownTests-FF" finished-at="2020-01-24T20:35:00Z" duration-ms="26399">
      <class name="com.herokuapp.theinternet.dropdowntests.DropdownTest">
        <test-method is-config="true" signature="setUp(java.lang.reflect.Method, java.lang.String, java.lang.String, java.lang.String, org.testng.ITestContext)[pri:0, instance:com.herokuapp.theinternet.dropdowntests.DropdownTest@1d2adfbe]" started-at="2020-01-24T20:34:34Z" name="setUp" finished-at="2020-01-24T20:34:50Z" duration-ms="16154" status="PASS">
          <params>
            <param index="0">
              <value>
                <![CDATA[public void com.herokuapp.theinternet.dropdowntests.DropdownTest.optionTwoTest()]]>
              </value>
            </param>
            <param index="1">
              <value>
                <![CDATA[firefoxheadless]]>
              </value>
            </param>
            <param index="2">
              <value is-null="true"/>
            </param>
            <param index="3">
              <value is-null="true"/>
            </param>
            <param index="4">
              <value>
                <![CDATA[org.testng.TestRunner@5eabff6b]]>
              </value>
            </param>
          </params>
          <reporter-output>
          </reporter-output>
        </test-method> <!-- setUp -->
        <test-method signature="optionTwoTest()[pri:0, instance:com.herokuapp.theinternet.dropdowntests.DropdownTest@1d2adfbe]" started-at="2020-01-24T20:34:50Z" name="optionTwoTest" finished-at="2020-01-24T20:34:54Z" duration-ms="3947" status="PASS">
          <reporter-output>
          </reporter-output>
        </test-method> <!-- optionTwoTest -->
        <test-method is-config="true" signature="tearDown()[pri:0, instance:com.herokuapp.theinternet.dropdowntests.DropdownTest@1d2adfbe]" started-at="2020-01-24T20:34:54Z" name="tearDown" finished-at="2020-01-24T20:35:00Z" duration-ms="6284" status="PASS">
          <reporter-output>
          </reporter-output>
        </test-method> <!-- tearDown -->
      </class> <!-- com.herokuapp.theinternet.dropdowntests.DropdownTest -->
    </test> <!-- DropdownTests-FF -->
    <test started-at="2020-01-24T20:35:00Z" name="DropdownTests-PH" finished-at="2020-01-24T20:35:10Z" duration-ms="10046">
      <class name="com.herokuapp.theinternet.dropdowntests.DropdownTest">
        <test-method is-config="true" signature="setUp(java.lang.reflect.Method, java.lang.String, java.lang.String, java.lang.String, org.testng.ITestContext)[pri:0, instance:com.herokuapp.theinternet.dropdowntests.DropdownTest@10e31a9a]" started-at="2020-01-24T20:35:00Z" name="setUp" finished-at="2020-01-24T20:35:07Z" duration-ms="7045" status="PASS">
          <params>
            <param index="0">
              <value>
                <![CDATA[public void com.herokuapp.theinternet.dropdowntests.DropdownTest.optionTwoTest()]]>
              </value>
            </param>
            <param index="1">
              <value>
                <![CDATA[phantomjs]]>
              </value>
            </param>
            <param index="2">
              <value is-null="true"/>
            </param>
            <param index="3">
              <value is-null="true"/>
            </param>
            <param index="4">
              <value>
                <![CDATA[org.testng.TestRunner@5b000fe6]]>
              </value>
            </param>
          </params>
          <reporter-output>
          </reporter-output>
        </test-method> <!-- setUp -->
        <test-method signature="optionTwoTest()[pri:0, instance:com.herokuapp.theinternet.dropdowntests.DropdownTest@10e31a9a]" started-at="2020-01-24T20:35:07Z" name="optionTwoTest" finished-at="2020-01-24T20:35:10Z" duration-ms="2430" status="PASS">
          <reporter-output>
          </reporter-output>
        </test-method> <!-- optionTwoTest -->
        <test-method is-config="true" signature="tearDown()[pri:0, instance:com.herokuapp.theinternet.dropdowntests.DropdownTest@10e31a9a]" started-at="2020-01-24T20:35:10Z" name="tearDown" finished-at="2020-01-24T20:35:10Z" duration-ms="569" status="PASS">
          <reporter-output>
          </reporter-output>
        </test-method> <!-- tearDown -->
      </class> <!-- com.herokuapp.theinternet.dropdowntests.DropdownTest -->
    </test> <!-- DropdownTests-PH -->
    <test started-at="2020-01-24T20:35:10Z" name="DropdownTests-UN" finished-at="2020-01-24T20:35:17Z" duration-ms="6927">
      <class name="com.herokuapp.theinternet.dropdowntests.DropdownTest">
        <test-method is-config="true" signature="setUp(java.lang.reflect.Method, java.lang.String, java.lang.String, java.lang.String, org.testng.ITestContext)[pri:0, instance:com.herokuapp.theinternet.dropdowntests.DropdownTest@7f0eb4b4]" started-at="2020-01-24T20:35:10Z" name="setUp" finished-at="2020-01-24T20:35:15Z" duration-ms="4423" status="PASS">
          <params>
            <param index="0">
              <value>
                <![CDATA[public void com.herokuapp.theinternet.dropdowntests.DropdownTest.optionTwoTest()]]>
              </value>
            </param>
            <param index="1">
              <value>
                <![CDATA[htmlunit]]>
              </value>
            </param>
            <param index="2">
              <value is-null="true"/>
            </param>
            <param index="3">
              <value is-null="true"/>
            </param>
            <param index="4">
              <value>
                <![CDATA[org.testng.TestRunner@4751e8b9]]>
              </value>
            </param>
          </params>
          <reporter-output>
          </reporter-output>
        </test-method> <!-- setUp -->
        <test-method signature="optionTwoTest()[pri:0, instance:com.herokuapp.theinternet.dropdowntests.DropdownTest@7f0eb4b4]" started-at="2020-01-24T20:35:15Z" name="optionTwoTest" finished-at="2020-01-24T20:35:17Z" duration-ms="2504" status="PASS">
          <reporter-output>
          </reporter-output>
        </test-method> <!-- optionTwoTest -->
        <test-method is-config="true" signature="tearDown()[pri:0, instance:com.herokuapp.theinternet.dropdowntests.DropdownTest@7f0eb4b4]" started-at="2020-01-24T20:35:17Z" name="tearDown" finished-at="2020-01-24T20:35:17Z" duration-ms="0" status="PASS">
          <reporter-output>
          </reporter-output>
        </test-method> <!-- tearDown -->
      </class> <!-- com.herokuapp.theinternet.dropdowntests.DropdownTest -->
    </test> <!-- DropdownTests-UN -->
  </suite> <!-- DropdownTestSuite -->
</testng-results>
