<?xml version="1.0" encoding="UTF-8"?>
<!-- Generated by org.testng.reporters.JUnitXMLReporter -->
<testsuite ignored="0" hostname="LAPTOP-B1OMR5EQ" failures="0" tests="5" name="NegativeLogInTest-CH" time="63.205" errors="0" timestamp="22 Jan 2020 21:43:25 GMT">
  <testcase classname="com.herokuapp.theinternet.negativelogintests.NegativeLogInTests" name="negativeLogInTest" time="4.65"/>
  <testcase classname="com.herokuapp.theinternet.negativelogintests.NegativeLogInTests" name="negativeLogInTest" time="4.355"/>
  <testcase classname="com.herokuapp.theinternet.negativelogintests.NegativeLogInTests" name="negativeLogInTest" time="5.324"/>
  <testcase classname="com.herokuapp.theinternet.negativelogintests.NegativeLogInTests" name="negativeLogInTest" time="5.308"/>
  <testcase classname="com.herokuapp.theinternet.negativelogintests.NegativeLogInTests" name="negativeLogInTest" time="4.118"/>
</testsuite> <!-- NegativeLogInTest-CH -->
