<?xml version="1.0" encoding="UTF-8"?>
<!-- Generated by org.testng.reporters.JUnitXMLReporter -->
<testsuite ignored="4" hostname="LAPTOP-B1OMR5EQ" failures="0" tests="1" name="ExceptionsTests" time="13.255" errors="0" timestamp="03 Jan 2020 11:56:15 GMT">
  <testcase classname="com.herokuapp.theinternet.ExceptionsTests" name="disabledElementTest" time="5.58"/>
  <testcase classname="com.herokuapp.theinternet.ExceptionsTests" name="timeoutTest" time="0.0">
    <ignored/>
  </testcase> <!-- timeoutTest -->
  <testcase classname="com.herokuapp.theinternet.ExceptionsTests" name="notVisibleTest" time="0.0">
    <ignored/>
  </testcase> <!-- notVisibleTest -->
  <testcase classname="com.herokuapp.theinternet.ExceptionsTests" name="noSuchElementTest" time="0.0">
    <ignored/>
  </testcase> <!-- noSuchElementTest -->
  <testcase classname="com.herokuapp.theinternet.ExceptionsTests" name="staleElementTest" time="0.0">
    <ignored/>
  </testcase> <!-- staleElementTest -->
</testsuite> <!-- ExceptionsTests -->
